03:35:28 **** Incremental Build of configuration Debug for project FIFO_Buffer ****
Info: Internal Builder is used for build
gcc -O0 -g3 -Wall -c -fmessage-length=0 -o fifo.o "..\\fifo.c" 
..\fifo.c: In function 'FIFO_print':
..\fifo.c:88:30: warning: format '%d' expects argument of type 'int', but argument 3 has type 'uint32 {aka long unsigned int}' [-Wformat=]
   printf("\t element(%d) = (%d)\n",(x/sizeof(element_type)) , *(fifo->base + x));
                              ^
gcc -O0 -g3 -Wall -c -fmessage-length=0 -o main.o "..\\main.c" 
..\main.c: In function 'main':
..\main.c:19:26: warning: format '%d' expects argument of type 'int', but argument 2 has type 'long unsigned int' [-Wformat=]
   printf("FIFO enqueue (%d):\n",i*2);
                          ^
..\main.c:30:29: warning: format '%d' expects argument of type 'int', but argument 2 has type 'uint32 {aka long unsigned int}' [-Wformat=]
   printf("\t FIFO dequeue (%d)\n", temp);
                             ^
..\main.c:37:29: warning: format '%d' expects argument of type 'int', but argument 2 has type 'uint32 {aka long unsigned int}' [-Wformat=]
   printf("\t FIFO dequeue (%d)\n", temp);
                             ^
..\main.c:43:25: warning: format '%d' expects argument of type 'int', but argument 2 has type 'long unsigned int' [-Wformat=]
  printf("FIFO enqueue (%d):\n",i*2);
                         ^
gcc -o FIFO_Buffer.exe fifo.o main.o 

03:35:35 Build Finished (took 7s.310ms)

